<?xml version="1.0" encoding="UTF-8"?>
<!-- Generated by org.testng.reporters.JUnitReportReporter -->
<testsuite hostname="Lenovo-PC" failures="0" tests="1" name="findingelements.WorkingWithsubmitMethod" time="5.058" errors="0" timestamp="2022-09-25T16:50:37 EET" skipped="0">
  <testcase classname="findingelements.WorkingWithsubmitMethod" name="submit" time="5.058"/>
  <system-out/>
</testsuite> <!-- findingelements.WorkingWithsubmitMethod -->
