<?xml version="1.0" encoding="UTF-8"?>
<!-- Generated by org.testng.reporters.JUnitReportReporter -->
<testsuite hostname="Lenovo-PC" failures="0" tests="1" name="findingelements.WorkingWithTextBoxAndButtons" time="4.714" errors="0" timestamp="2022-09-26T00:27:12 EET" skipped="0">
  <testcase classname="findingelements.WorkingWithTextBoxAndButtons" name="workonloginscreen" time="4.714"/>
  <system-out/>
</testsuite> <!-- findingelements.WorkingWithTextBoxAndButtons -->
