<?xml version="1.0" encoding="UTF-8"?>
<!-- Generated by org.testng.reporters.JUnitReportReporter -->
<testsuite hostname="Lenovo-PC" failures="0" tests="1" name="findingelements.FindElementByClass" time="0.081" errors="0" timestamp="2022-09-25T13:10:14 EET" skipped="0">
  <testcase classname="findingelements.FindElementByClass" name="findElemenyByID" time="0.081"/>
  <system-out/>
</testsuite> <!-- findingelements.FindElementByClass -->
