<?xml version="1.0" encoding="UTF-8"?>
<!-- Generated by org.testng.reporters.JUnitReportReporter -->
<testsuite hostname="Lenovo-PC" failures="0" tests="1" name="findingelements.findElementInTableByTagName" time="4.054" errors="0" timestamp="2022-09-26T00:21:22 EET" skipped="0">
  <testcase classname="findingelements.findElementInTableByTagName" name="testFindByTagName" time="4.054"/>
  <system-out/>
</testsuite> <!-- findingelements.findElementInTableByTagName -->
