<?xml version="1.0" encoding="UTF-8"?>
<!-- Generated by org.testng.reporters.JUnitReportReporter -->
<testsuite hostname="Lenovo-PC" failures="0" tests="1" name="findingelements.DoubleClick" time="4.202" errors="0" timestamp="2022-09-26T21:54:42 EET" skipped="0">
  <testcase classname="findingelements.DoubleClick" name="DoubleClickk" time="4.202"/>
  <system-out/>
</testsuite> <!-- findingelements.DoubleClick -->
