<?xml version="1.0" encoding="UTF-8"?>
<!-- Generated by org.testng.reporters.JUnitReportReporter -->
<testsuite hostname="Lenovo-PC" failures="0" tests="1" name="findingelements.findByElements" time="0.005" errors="0" timestamp="2022-09-25T23:40:15 EET" skipped="0">
  <testcase classname="findingelements.findByElements" name="testFindElements" time="0.005"/>
  <system-out/>
</testsuite> <!-- findingelements.findByElements -->
