<?xml version="1.0" encoding="UTF-8"?>
<!-- Generated by org.testng.reporters.JUnitReportReporter -->
<testsuite hostname="Lenovo-PC" failures="0" tests="1" name="findingelements.FindByCSSSelector" time="0.004" errors="0" timestamp="2022-09-25T14:49:53 EET" skipped="0">
  <testcase classname="findingelements.FindByCSSSelector" name="testFindByCSSSelector" time="0.004"/>
  <system-out/>
</testsuite> <!-- findingelements.FindByCSSSelector -->
