<?xml version="1.0" encoding="UTF-8"?>
<!-- Generated by org.testng.reporters.JUnitReportReporter -->
<testsuite hostname="Lenovo-PC" failures="0" tests="1" name="findingelements.FindElementByID" time="0.041" errors="0" timestamp="2022-09-25T12:53:29 EET" skipped="0">
  <testcase classname="findingelements.FindElementByID" name="findElemenyByID" time="0.041"/>
  <system-out/>
</testsuite> <!-- findingelements.FindElementByID -->
