<?xml version="1.0" encoding="UTF-8"?>
<!-- Generated by org.testng.reporters.JUnitReportReporter -->
<testsuite hostname="Lenovo-PC" failures="0" tests="1" name="findingelements.WorkWithDropdownlist" time="4.062" errors="0" timestamp="2022-09-25T21:54:48 EET" skipped="0">
  <testcase classname="findingelements.WorkWithDropdownlist" name="testDropdownlist" time="4.062"/>
  <system-out/>
</testsuite> <!-- findingelements.WorkWithDropdownlist -->
