<?xml version="1.0" encoding="UTF-8"?>
<!-- Generated by org.testng.reporters.JUnitReportReporter -->
<testsuite hostname="Lenovo-PC" failures="0" tests="1" name="findingelements.WorkingWithCheckbox" time="8.138" errors="0" timestamp="2022-09-25T22:40:19 EET" skipped="0">
  <testcase classname="findingelements.WorkingWithCheckbox" name="testcheckbox" time="8.138"/>
  <system-out/>
</testsuite> <!-- findingelements.WorkingWithCheckbox -->
