<?xml version="1.0" encoding="UTF-8"?>
<!-- Generated by org.testng.reporters.JUnitReportReporter -->
<testsuite hostname="Lenovo-PC" failures="0" tests="1" name="findingelements.FindElementByTagName" time="0.515" errors="0" timestamp="2022-09-25T13:20:28 EET" skipped="0">
  <testcase classname="findingelements.FindElementByTagName" name="testFindByTagName" time="0.515"/>
  <system-out/>
</testsuite> <!-- findingelements.FindElementByTagName -->
